Arguments: 
  /home/cracker/.nvm/versions/node/v14.15.4/bin/node /home/cracker/.nvm/versions/node/v14.15.4/bin/yarn

PATH: 
  /home/cracker/.nvm/versions/node/v14.15.4/bin:/usr/local/sbin:/usr/local/bin:/usr/sbin:/usr/bin:/sbin:/bin:/usr/games:/usr/local/games:/snap/bin:/bin/java:/home/cracker/Android/Sdk/platform-tools:/home/cracker/Android/Sdk/tools:/bin/java:/home/cracker/Android/Sdk/platform-tools:/home/cracker/Android/Sdk/tools

Yarn version: 
  1.22.10

Node version: 
  14.15.4

Platform: 
  linux x64

Trace: 
  SyntaxError: /home/cracker/Desktop/ECMS/ECMS2.0_APP_TEST/package.json: Unexpected token } in JSON at position 474
      at JSON.parse (<anonymous>)
      at /home/cracker/.nvm/versions/node/v14.15.4/lib/node_modules/yarn/lib/cli.js:1625:59
      at Generator.next (<anonymous>)
      at step (/home/cracker/.nvm/versions/node/v14.15.4/lib/node_modules/yarn/lib/cli.js:310:30)
      at /home/cracker/.nvm/versions/node/v14.15.4/lib/node_modules/yarn/lib/cli.js:321:13

npm manifest: 
  {
    "name": "ecmsapptest",
    "version": "1.0.0",
    "main": "index.js",
    "author": "winai <winai@blueseas.co.th>",
    "license": "MIT",
    "scripts": {
      "dev:start": "cross-env  NODE_ENV=development webpack serve --config webpack.react.config.js --mode development"
    },
    "dependencies": {
      "bootstrap": "^4.5.3",
      "react": "^17.0.1",
      "react-bootstrap": "^1.4.0",
      "react-dom": "^17.0.1",
      "react-hook-form": "^6.12.2",
      "react-router-dom": "^5.2.0",
    },
    "devDependencies": {
      "@babel/core": "^7.12.3",
      "@babel/preset-env": "^7.12.1",
      "@babel/preset-react": "^7.12.1",
      "@types/react": "^16.9.53",
      "@types/react-dom": "^16.9.8",
      "babel-loader": "^8.1.0",
      "cross-env": "^7.0.2",
      "css-loader": "^5.0.0",
      "file-loader": "^6.2.0",
      "html-loader": "^1.3.2",
      "html-webpack-plugin": "^4.5.0",
      "node-sass": "^4.14.1",
      "sass-loader": "^10.0.4",
      "style-loader": "^2.0.0",
      "webpack": "^5.2.0",
      "webpack-cli": "^4.1.0",
      "webpack-dev-server": "^3.11.0",
    }
  }

yarn manifest: 
  No manifest

Lockfile: 
  No lockfile
